Namespace(batch=32, rate=0.001, epochs=10, outDir='models', trainData='./dataset/train', validateData='./dataset/validate', model='model.pth', onlyTrain=False, onlyValidate=False)
===> モデルの出力先を新規作成中...
===> データセットを読み込み中...

===> 学習開始...
====> エポック 1/10, 平均損失: 3.2511191775159136
モデルを./models/model_epoch_1.pthに保存
====> エポック 2/10, 平均損失: 2.5665588000925577
モデルを./models/model_epoch_2.pthに保存
====> エポック 3/10, 平均損失: 1.7992225943542108
モデルを./models/model_epoch_3.pthに保存
====> エポック 4/10, 平均損失: 1.4031684049745885
モデルを./models/model_epoch_4.pthに保存
====> エポック 5/10, 平均損失: 1.0972054455338456
モデルを./models/model_epoch_5.pthに保存
====> エポック 6/10, 平均損失: 0.918772272947358
モデルを./models/model_epoch_6.pthに保存
====> エポック 7/10, 平均損失: 0.7706217256987967
モデルを./models/model_epoch_7.pthに保存
====> エポック 8/10, 平均損失: 0.6575139826390801
モデルを./models/model_epoch_8.pthに保存
====> エポック 9/10, 平均損失: 0.5593940244942177
モデルを./models/model_epoch_9.pthに保存
====> エポック 10/10, 平均損失: 0.4722462954317651
モデルを./models/model_epoch_10.pthに保存
====> モデルを保存中...
モデルを./models/model.pthに保存
===> 学習終了

===> モデルの評価開始...
====> クラス別正解率
a: 80.00% (12/15)
b: 53.33% (8/15)
c: 80.00% (12/15)
d: 73.33% (11/15)
e: 73.33% (11/15)
f: 66.67% (10/15)
g: 66.67% (10/15)
h: 66.67% (10/15)
i: 66.67% (10/15)
j: 73.33% (11/15)
k: 73.33% (11/15)
l: 73.33% (11/15)
m: 80.00% (12/15)
n: 80.00% (12/15)
o: 66.67% (10/15)
p: 80.00% (12/15)
q: 66.67% (10/15)
r: 60.00% (9/15)
s: 80.00% (12/15)
t: 73.33% (11/15)
u: 73.33% (11/15)
v: 73.33% (11/15)
w: 86.67% (13/15)
x: 80.00% (12/15)
y: 73.33% (11/15)
z: 66.67% (10/15)
====> 総合正解率
72.56%
===> モデルの評価終了
